INIT LOG
2026-01-19T06:01:53.839Z - GET /api/products - Content-Type: undefined
2026-01-19T06:01:53.937Z - GET /api/products - Content-Type: undefined
2026-01-19T06:01:55.078Z - GET /api/admin/stats - Content-Type: undefined
2026-01-19T06:01:55.089Z - GET /api/admin/revenue-chart - Content-Type: undefined
2026-01-19T06:01:55.184Z - GET /api/admin/revenue-chart - Content-Type: undefined
2026-01-19T06:01:55.352Z - GET /api/admin/stats - Content-Type: undefined
2026-01-19T06:01:57.837Z - GET /api/products - Content-Type: undefined
2026-01-19T06:01:57.944Z - GET /api/products - Content-Type: undefined
2026-01-19T06:02:01.488Z - GET /api/products - Content-Type: undefined
2026-01-19T06:02:01.591Z - GET /api/products - Content-Type: undefined
2026-01-19T06:02:05.275Z - GET /api/admin/orders - Content-Type: undefined
2026-01-19T06:02:05.361Z - GET /api/admin/orders - Content-Type: undefined
2026-01-19T06:02:06.941Z - GET /api/admin/stats - Content-Type: undefined
2026-01-19T06:02:06.947Z - GET /api/admin/revenue-chart - Content-Type: undefined
2026-01-19T06:02:07.044Z - GET /api/admin/revenue-chart - Content-Type: undefined
2026-01-19T06:02:07.213Z - GET /api/admin/stats - Content-Type: undefined
2026-01-19T06:02:09.590Z - GET /api/admin/products - Content-Type: undefined
2026-01-19T06:02:09.794Z - GET /api/admin/products - Content-Type: undefined
2026-01-19T06:02:11.618Z - GET /api/admin/stats - Content-Type: undefined
2026-01-19T06:02:11.620Z - GET /api/admin/revenue-chart - Content-Type: undefined
2026-01-19T06:02:11.737Z - GET /api/admin/revenue-chart - Content-Type: undefined
2026-01-19T06:02:11.976Z - GET /api/admin/stats - Content-Type: undefined
2026-01-19T06:02:12.667Z - GET /api/admin/orders - Content-Type: undefined
2026-01-19T06:02:12.763Z - GET /api/admin/orders - Content-Type: undefined
2026-01-19T06:02:13.899Z - GET /api/products - Content-Type: undefined
2026-01-19T06:02:14.051Z - GET /api/products - Content-Type: undefined
2026-01-19T06:02:18.745Z - GET /api/admin/orders - Content-Type: undefined
2026-01-19T06:02:18.888Z - GET /api/admin/orders - Content-Type: undefined
2026-01-19T06:02:21.871Z - GET /api/products - Content-Type: undefined
2026-01-19T06:02:21.960Z - GET /api/products - Content-Type: undefined
2026-01-19T06:02:24.205Z - GET /api/products - Content-Type: undefined
2026-01-19T06:02:24.333Z - GET /api/products - Content-Type: undefined
2026-01-19T06:02:27.908Z - GET /api/admin/stats - Content-Type: undefined
2026-01-19T06:02:27.914Z - GET /api/admin/revenue-chart - Content-Type: undefined
2026-01-19T06:02:28.027Z - GET /api/admin/revenue-chart - Content-Type: undefined
2026-01-19T06:02:28.562Z - GET /api/admin/stats - Content-Type: undefined
2026-01-19T06:02:31.018Z - GET /api/admin/products - Content-Type: undefined
2026-01-19T06:02:31.335Z - GET /api/admin/products - Content-Type: undefined
2026-01-19T06:02:56.260Z - POST /api/admin/products - Content-Type: multipart/form-data; boundary=----WebKitFormBoundaryAjod1pprA1yZDROH
2026-01-19T06:11:34.814Z - GET /api/admin/orders - Content-Type: undefined
2026-01-19T06:11:34.908Z - GET /api/admin/orders - Content-Type: undefined
2026-01-19T06:11:36.025Z - GET /api/admin/stats - Content-Type: undefined
2026-01-19T06:11:36.031Z - GET /api/admin/revenue-chart - Content-Type: undefined
2026-01-19T06:11:36.123Z - GET /api/admin/revenue-chart - Content-Type: undefined
2026-01-19T06:11:36.294Z - GET /api/admin/stats - Content-Type: undefined
2026-01-19T06:11:36.686Z - GET /api/products - Content-Type: undefined
2026-01-19T06:11:36.777Z - GET /api/products - Content-Type: undefined
2026-01-19T06:11:37.403Z - GET /api/products - Content-Type: undefined
2026-01-19T06:11:37.496Z - GET /api/products - Content-Type: undefined
2026-01-19T06:11:39.172Z - GET /api/admin/orders - Content-Type: undefined
2026-01-19T06:11:39.264Z - GET /api/admin/orders - Content-Type: undefined
2026-01-19T06:17:22.748Z - GET /api/admin/orders - Content-Type: undefined
2026-01-19T06:17:22.852Z - GET /api/admin/orders - Content-Type: undefined
2026-01-19T06:17:34.635Z - GET /api/admin/orders - Content-Type: undefined
2026-01-19T06:17:34.729Z - GET /api/admin/orders - Content-Type: undefined
2026-01-19T06:33:41.626Z - GET /api/admin/orders - Content-Type: undefined
2026-01-19T06:33:41.731Z - GET /api/admin/orders - Content-Type: undefined
2026-01-19T06:33:42.580Z - GET /api/admin/orders - Content-Type: undefined
2026-01-19T06:33:42.671Z - GET /api/admin/orders - Content-Type: undefined
2026-01-19T06:33:44.376Z - GET /api/products - Content-Type: undefined
2026-01-19T06:33:44.471Z - GET /api/products - Content-Type: undefined
2026-01-19T06:33:50.838Z - GET /api/admin/stats - Content-Type: undefined
2026-01-19T06:33:50.844Z - GET /api/admin/revenue-chart - Content-Type: undefined
2026-01-19T06:33:50.934Z - GET /api/admin/revenue-chart - Content-Type: undefined
2026-01-19T06:33:51.126Z - GET /api/admin/stats - Content-Type: undefined
2026-01-19T06:33:54.561Z - GET /api/admin/categories - Content-Type: undefined
2026-01-19T06:33:54.667Z - GET /api/admin/categories - Content-Type: undefined
2026-01-19T06:34:02.363Z - GET /api/products - Content-Type: undefined
2026-01-19T06:34:02.449Z - GET /api/products - Content-Type: undefined
2026-01-19T06:34:03.661Z - GET /api/admin/stats - Content-Type: undefined
2026-01-19T06:34:03.667Z - GET /api/admin/revenue-chart - Content-Type: undefined
2026-01-19T06:34:03.764Z - GET /api/admin/revenue-chart - Content-Type: undefined
2026-01-19T06:34:03.918Z - GET /api/admin/stats - Content-Type: undefined
2026-01-19T06:34:05.056Z - GET /api/admin/products - Content-Type: undefined
2026-01-19T06:34:05.141Z - GET /api/admin/products - Content-Type: undefined
2026-01-19T06:34:06.860Z - GET /api/admin/categories - Content-Type: undefined
2026-01-19T06:34:06.995Z - GET /api/admin/categories - Content-Type: undefined
2026-01-19T06:34:32.843Z - POST /api/admin/products - Content-Type: multipart/form-data; boundary=----WebKitFormBoundarywJHllXANWc9IHQLG
2026-01-19T06:34:36.349Z - GET /api/products - Content-Type: undefined
2026-01-19T06:34:36.438Z - GET /api/products - Content-Type: undefined
2026-01-19T06:35:26.981Z - GET /api/admin/stats - Content-Type: undefined
2026-01-19T06:35:26.987Z - GET /api/admin/revenue-chart - Content-Type: undefined
2026-01-19T06:35:27.065Z - GET /api/admin/revenue-chart - Content-Type: undefined
2026-01-19T06:35:27.227Z - GET /api/admin/stats - Content-Type: undefined
2026-01-19T06:35:28.738Z - GET /api/admin/orders - Content-Type: undefined
2026-01-19T06:35:28.818Z - GET /api/admin/orders - Content-Type: undefined
2026-01-19T06:35:30.810Z - GET /api/products - Content-Type: undefined
2026-01-19T06:35:30.889Z - GET /api/products - Content-Type: undefined
2026-01-19T06:35:32.535Z - GET /api/admin/stats - Content-Type: undefined
2026-01-19T06:35:32.539Z - GET /api/admin/revenue-chart - Content-Type: undefined
2026-01-19T06:35:32.635Z - GET /api/admin/revenue-chart - Content-Type: undefined
2026-01-19T06:35:32.770Z - GET /api/admin/stats - Content-Type: undefined
2026-01-19T06:35:34.761Z - GET /api/admin/categories - Content-Type: undefined
2026-01-19T06:35:34.869Z - GET /api/admin/categories - Content-Type: undefined
